Analysis & Synthesis report for final_project
Wed Jun 12 18:26:29 2019
Quartus II Version 9.1 Build 222 10/21/2009 SJ Web Edition


---------------------
; Table of Contents ;
---------------------
  1. Legal Notice
  2. Analysis & Synthesis Summary
  3. Analysis & Synthesis Settings
  4. Parallel Compilation
  5. Analysis & Synthesis Source Files Read
  6. Analysis & Synthesis Resource Usage Summary
  7. Analysis & Synthesis Resource Utilization by Entity
  8. User-Specified and Inferred Latches
  9. Logic Cells Representing Combinational Loops
 10. Registers Removed During Synthesis
 11. General Register Statistics
 12. Inverted Register Statistics
 13. Multiplexer Restructuring Statistics (Restructuring Performed)
 14. Parameter Settings for Inferred Entity Instance: lpm_divide:Mod0
 15. Parameter Settings for Inferred Entity Instance: lpm_divide:Mod1
 16. Parameter Settings for Inferred Entity Instance: lpm_divide:Mod2
 17. Analysis & Synthesis Messages
 18. Analysis & Synthesis Suppressed Messages



----------------
; Legal Notice ;
----------------
Copyright (C) 1991-2009 Altera Corporation
Your use of Altera Corporation's design tools, logic functions 
and other software and tools, and its AMPP partner logic 
functions, and any output files from any of the foregoing 
(including device programming or simulation files), and any 
associated documentation or information are expressly subject 
to the terms and conditions of the Altera Program License 
Subscription Agreement, Altera MegaCore Function License 
Agreement, or other applicable license agreement, including, 
without limitation, that your use is for the sole purpose of 
programming logic devices manufactured by Altera and sold by 
Altera or its authorized distributors.  Please refer to the 
applicable agreement for further details.



+------------------------------------------------------------------------------+
; Analysis & Synthesis Summary                                                 ;
+------------------------------------+-----------------------------------------+
; Analysis & Synthesis Status        ; Successful - Wed Jun 12 18:26:29 2019   ;
; Quartus II Version                 ; 9.1 Build 222 10/21/2009 SJ Web Edition ;
; Revision Name                      ; final_project                           ;
; Top-level Entity Name              ; final_project                           ;
; Family                             ; Cyclone III                             ;
; Total logic elements               ; 194                                     ;
;     Total combinational functions  ; 194                                     ;
;     Dedicated logic registers      ; 23                                      ;
; Total registers                    ; 23                                      ;
; Total pins                         ; 35                                      ;
; Total virtual pins                 ; 0                                       ;
; Total memory bits                  ; 0                                       ;
; Embedded Multiplier 9-bit elements ; 0                                       ;
; Total PLLs                         ; 0                                       ;
+------------------------------------+-----------------------------------------+


+----------------------------------------------------------------------------------------------------------------------+
; Analysis & Synthesis Settings                                                                                        ;
+----------------------------------------------------------------------------+--------------------+--------------------+
; Option                                                                     ; Setting            ; Default Value      ;
+----------------------------------------------------------------------------+--------------------+--------------------+
; Device                                                                     ; EP3C16F484C6       ;                    ;
; Top-level entity name                                                      ; final_project      ; final_project      ;
; Family name                                                                ; Cyclone III        ; Stratix II         ;
; Type of Retiming Performed During Resynthesis                              ; Full               ;                    ;
; Resynthesis Optimization Effort                                            ; Normal             ;                    ;
; Physical Synthesis Level for Resynthesis                                   ; Normal             ;                    ;
; Use Generated Physical Constraints File                                    ; On                 ;                    ;
; Use smart compilation                                                      ; Off                ; Off                ;
; Enable parallel Assembler and TimeQuest Timing Analyzer during compilation ; On                 ; On                 ;
; Enable compact report table                                                ; Off                ; Off                ;
; Restructure Multiplexers                                                   ; Auto               ; Auto               ;
; Create Debugging Nodes for IP Cores                                        ; Off                ; Off                ;
; Preserve fewer node names                                                  ; On                 ; On                 ;
; Disable OpenCore Plus hardware evaluation                                  ; Off                ; Off                ;
; Verilog Version                                                            ; Verilog_2001       ; Verilog_2001       ;
; VHDL Version                                                               ; VHDL_1993          ; VHDL_1993          ;
; State Machine Processing                                                   ; Auto               ; Auto               ;
; Safe State Machine                                                         ; Off                ; Off                ;
; Extract Verilog State Machines                                             ; On                 ; On                 ;
; Extract VHDL State Machines                                                ; On                 ; On                 ;
; Ignore Verilog initial constructs                                          ; Off                ; Off                ;
; Iteration limit for constant Verilog loops                                 ; 5000               ; 5000               ;
; Iteration limit for non-constant Verilog loops                             ; 250                ; 250                ;
; Add Pass-Through Logic to Inferred RAMs                                    ; On                 ; On                 ;
; Parallel Synthesis                                                         ; On                 ; On                 ;
; DSP Block Balancing                                                        ; Auto               ; Auto               ;
; NOT Gate Push-Back                                                         ; On                 ; On                 ;
; Power-Up Don't Care                                                        ; On                 ; On                 ;
; Remove Redundant Logic Cells                                               ; Off                ; Off                ;
; Remove Duplicate Registers                                                 ; On                 ; On                 ;
; Ignore CARRY Buffers                                                       ; Off                ; Off                ;
; Ignore CASCADE Buffers                                                     ; Off                ; Off                ;
; Ignore GLOBAL Buffers                                                      ; Off                ; Off                ;
; Ignore ROW GLOBAL Buffers                                                  ; Off                ; Off                ;
; Ignore LCELL Buffers                                                       ; Off                ; Off                ;
; Ignore SOFT Buffers                                                        ; On                 ; On                 ;
; Limit AHDL Integers to 32 Bits                                             ; Off                ; Off                ;
; Optimization Technique                                                     ; Balanced           ; Balanced           ;
; Carry Chain Length                                                         ; 70                 ; 70                 ;
; Auto Carry Chains                                                          ; On                 ; On                 ;
; Auto Open-Drain Pins                                                       ; On                 ; On                 ;
; Perform WYSIWYG Primitive Resynthesis                                      ; Off                ; Off                ;
; Auto ROM Replacement                                                       ; On                 ; On                 ;
; Auto RAM Replacement                                                       ; On                 ; On                 ;
; Auto DSP Block Replacement                                                 ; On                 ; On                 ;
; Auto Shift Register Replacement                                            ; Auto               ; Auto               ;
; Auto Clock Enable Replacement                                              ; On                 ; On                 ;
; Strict RAM Replacement                                                     ; Off                ; Off                ;
; Allow Synchronous Control Signals                                          ; On                 ; On                 ;
; Force Use of Synchronous Clear Signals                                     ; Off                ; Off                ;
; Auto RAM Block Balancing                                                   ; On                 ; On                 ;
; Auto RAM to Logic Cell Conversion                                          ; Off                ; Off                ;
; Auto Resource Sharing                                                      ; Off                ; Off                ;
; Allow Any RAM Size For Recognition                                         ; Off                ; Off                ;
; Allow Any ROM Size For Recognition                                         ; Off                ; Off                ;
; Allow Any Shift Register Size For Recognition                              ; Off                ; Off                ;
; Use LogicLock Constraints during Resource Balancing                        ; On                 ; On                 ;
; Ignore translate_off and synthesis_off directives                          ; Off                ; Off                ;
; Timing-Driven Synthesis                                                    ; On                 ; On                 ;
; Show Parameter Settings Tables in Synthesis Report                         ; On                 ; On                 ;
; Ignore Maximum Fan-Out Assignments                                         ; Off                ; Off                ;
; Synchronization Register Chain Length                                      ; 2                  ; 2                  ;
; PowerPlay Power Optimization                                               ; Normal compilation ; Normal compilation ;
; HDL message level                                                          ; Level2             ; Level2             ;
; Suppress Register Optimization Related Messages                            ; Off                ; Off                ;
; Number of Removed Registers Reported in Synthesis Report                   ; 100                ; 100                ;
; Number of Inverted Registers Reported in Synthesis Report                  ; 100                ; 100                ;
; Clock MUX Protection                                                       ; On                 ; On                 ;
; Auto Gated Clock Conversion                                                ; Off                ; Off                ;
; Block Design Naming                                                        ; Auto               ; Auto               ;
; SDC constraint protection                                                  ; Off                ; Off                ;
; Synthesis Effort                                                           ; Auto               ; Auto               ;
; Shift Register Replacement - Allow Asynchronous Clear Signal               ; On                 ; On                 ;
; Analysis & Synthesis Message Level                                         ; Medium             ; Medium             ;
; Disable Register Merging Across Hierarchies                                ; Auto               ; Auto               ;
; Resource Aware Inference For Block RAM                                     ; On                 ; On                 ;
+----------------------------------------------------------------------------+--------------------+--------------------+


Parallel compilation was disabled, but you have multiple processors available. Enable parallel compilation to reduce compilation time.
+-------------------------------------+
; Parallel Compilation                ;
+----------------------------+--------+
; Processors                 ; Number ;
+----------------------------+--------+
; Number detected on machine ; 4      ;
; Maximum allowed            ; 1      ;
+----------------------------+--------+


+---------------------------------------------------------------------------------------------------------------------------------------------------+
; Analysis & Synthesis Source Files Read                                                                                                            ;
+----------------------------------+-----------------+------------------------------+---------------------------------------------------------------+
; File Name with User-Entered Path ; Used in Netlist ; File Type                    ; File Name with Absolute Path                                  ;
+----------------------------------+-----------------+------------------------------+---------------------------------------------------------------+
; final_project.v                  ; yes             ; User Verilog HDL File        ; C:/altera/91/quartus/final_project/final_project.v            ;
; lpm_divide.tdf                   ; yes             ; Megafunction                 ; c:/altera/91/quartus/libraries/megafunctions/lpm_divide.tdf   ;
; db/lpm_divide_98m.tdf            ; yes             ; Auto-Generated Megafunction  ; C:/altera/91/quartus/final_project/db/lpm_divide_98m.tdf      ;
; db/sign_div_unsign_7kh.tdf       ; yes             ; Auto-Generated Megafunction  ; C:/altera/91/quartus/final_project/db/sign_div_unsign_7kh.tdf ;
; db/alt_u_div_p2f.tdf             ; yes             ; Auto-Generated Megafunction  ; C:/altera/91/quartus/final_project/db/alt_u_div_p2f.tdf       ;
; db/add_sub_unc.tdf               ; yes             ; Auto-Generated Megafunction  ; C:/altera/91/quartus/final_project/db/add_sub_unc.tdf         ;
; db/add_sub_vnc.tdf               ; yes             ; Auto-Generated Megafunction  ; C:/altera/91/quartus/final_project/db/add_sub_vnc.tdf         ;
+----------------------------------+-----------------+------------------------------+---------------------------------------------------------------+


+------------------------------------------------------------------+
; Analysis & Synthesis Resource Usage Summary                      ;
+---------------------------------------------+--------------------+
; Resource                                    ; Usage              ;
+---------------------------------------------+--------------------+
; Estimated Total logic elements              ; 194                ;
;                                             ;                    ;
; Total combinational functions               ; 194                ;
; Logic element usage by number of LUT inputs ;                    ;
;     -- 4 input functions                    ; 100                ;
;     -- 3 input functions                    ; 65                 ;
;     -- <=2 input functions                  ; 29                 ;
;                                             ;                    ;
; Logic elements by mode                      ;                    ;
;     -- normal mode                          ; 176                ;
;     -- arithmetic mode                      ; 18                 ;
;                                             ;                    ;
; Total registers                             ; 23                 ;
;     -- Dedicated logic registers            ; 23                 ;
;     -- I/O registers                        ; 0                  ;
;                                             ;                    ;
; I/O pins                                    ; 35                 ;
; Maximum fan-out node                        ; default_mode~input ;
; Maximum fan-out                             ; 49                 ;
; Total fan-out                               ; 772                ;
; Average fan-out                             ; 2.69               ;
+---------------------------------------------+--------------------+


+------------------------------------------------------------------------------------------------------------------------------------------------------------------------------------------------------------------------------------------------------------------------------------+
; Analysis & Synthesis Resource Utilization by Entity                                                                                                                                                                                                                                ;
+----------------------------------------+-------------------+--------------+-------------+--------------+---------+-----------+------+--------------+----------------------------------------------------------------------------------------------------------------+--------------+
; Compilation Hierarchy Node             ; LC Combinationals ; LC Registers ; Memory Bits ; DSP Elements ; DSP 9x9 ; DSP 18x18 ; Pins ; Virtual Pins ; Full Hierarchy Name                                                                                            ; Library Name ;
+----------------------------------------+-------------------+--------------+-------------+--------------+---------+-----------+------+--------------+----------------------------------------------------------------------------------------------------------------+--------------+
; |final_project                         ; 194 (173)         ; 23 (23)      ; 0           ; 0            ; 0       ; 0         ; 35   ; 0            ; |final_project                                                                                                 ; work         ;
;    |lpm_divide:Mod0|                   ; 7 (0)             ; 0 (0)        ; 0           ; 0            ; 0       ; 0         ; 0    ; 0            ; |final_project|lpm_divide:Mod0                                                                                 ;              ;
;       |lpm_divide_98m:auto_generated|  ; 7 (0)             ; 0 (0)        ; 0           ; 0            ; 0       ; 0         ; 0    ; 0            ; |final_project|lpm_divide:Mod0|lpm_divide_98m:auto_generated                                                   ;              ;
;          |sign_div_unsign_7kh:divider| ; 7 (0)             ; 0 (0)        ; 0           ; 0            ; 0       ; 0         ; 0    ; 0            ; |final_project|lpm_divide:Mod0|lpm_divide_98m:auto_generated|sign_div_unsign_7kh:divider                       ;              ;
;             |alt_u_div_p2f:divider|    ; 7 (7)             ; 0 (0)        ; 0           ; 0            ; 0       ; 0         ; 0    ; 0            ; |final_project|lpm_divide:Mod0|lpm_divide_98m:auto_generated|sign_div_unsign_7kh:divider|alt_u_div_p2f:divider ;              ;
;    |lpm_divide:Mod1|                   ; 7 (0)             ; 0 (0)        ; 0           ; 0            ; 0       ; 0         ; 0    ; 0            ; |final_project|lpm_divide:Mod1                                                                                 ;              ;
;       |lpm_divide_98m:auto_generated|  ; 7 (0)             ; 0 (0)        ; 0           ; 0            ; 0       ; 0         ; 0    ; 0            ; |final_project|lpm_divide:Mod1|lpm_divide_98m:auto_generated                                                   ;              ;
;          |sign_div_unsign_7kh:divider| ; 7 (0)             ; 0 (0)        ; 0           ; 0            ; 0       ; 0         ; 0    ; 0            ; |final_project|lpm_divide:Mod1|lpm_divide_98m:auto_generated|sign_div_unsign_7kh:divider                       ;              ;
;             |alt_u_div_p2f:divider|    ; 7 (7)             ; 0 (0)        ; 0           ; 0            ; 0       ; 0         ; 0    ; 0            ; |final_project|lpm_divide:Mod1|lpm_divide_98m:auto_generated|sign_div_unsign_7kh:divider|alt_u_div_p2f:divider ;              ;
;    |lpm_divide:Mod2|                   ; 7 (0)             ; 0 (0)        ; 0           ; 0            ; 0       ; 0         ; 0    ; 0            ; |final_project|lpm_divide:Mod2                                                                                 ;              ;
;       |lpm_divide_98m:auto_generated|  ; 7 (0)             ; 0 (0)        ; 0           ; 0            ; 0       ; 0         ; 0    ; 0            ; |final_project|lpm_divide:Mod2|lpm_divide_98m:auto_generated                                                   ;              ;
;          |sign_div_unsign_7kh:divider| ; 7 (0)             ; 0 (0)        ; 0           ; 0            ; 0       ; 0         ; 0    ; 0            ; |final_project|lpm_divide:Mod2|lpm_divide_98m:auto_generated|sign_div_unsign_7kh:divider                       ;              ;
;             |alt_u_div_p2f:divider|    ; 7 (7)             ; 0 (0)        ; 0           ; 0            ; 0       ; 0         ; 0    ; 0            ; |final_project|lpm_divide:Mod2|lpm_divide_98m:auto_generated|sign_div_unsign_7kh:divider|alt_u_div_p2f:divider ;              ;
+----------------------------------------+-------------------+--------------+-------------+--------------+---------+-----------+------+--------------+----------------------------------------------------------------------------------------------------------------+--------------+
Note: For table entries with two numbers listed, the numbers in parentheses indicate the number of resources of the given type used by the specific entity alone. The numbers listed outside of parentheses indicate the total resources of the given type used by the specific entity and all of its sub-entities in the hierarchy.


+----------------------------------------------------------------------------------------------------+
; User-Specified and Inferred Latches                                                                ;
+-----------------------------------------------------+---------------------+------------------------+
; Latch Name                                          ; Latch Enable Signal ; Free of Timing Hazards ;
+-----------------------------------------------------+---------------------+------------------------+
; result_hex1[0]                                      ; result_hex3[1]      ; yes                    ;
; result_hex1[1]                                      ; result_hex3[1]      ; yes                    ;
; result_hex1[2]                                      ; result_hex3[1]      ; yes                    ;
; result_hex1[3]                                      ; result_hex3[1]      ; yes                    ;
; result_hex2[0]                                      ; result_hex3[1]      ; yes                    ;
; result_hex2[1]                                      ; result_hex3[1]      ; yes                    ;
; result_hex2[2]                                      ; result_hex3[1]      ; yes                    ;
; result_hex2[3]                                      ; result_hex3[1]      ; yes                    ;
; result_hex3[0]                                      ; result_hex3[1]      ; yes                    ;
; result_hex3[1]                                      ; result_hex3[1]      ; yes                    ;
; result_hex3[2]                                      ; result_hex3[1]      ; yes                    ;
; result_hex3[3]                                      ; result_hex3[1]      ; yes                    ;
; Number of user-specified and inferred latches = 12  ;                     ;                        ;
+-----------------------------------------------------+---------------------+------------------------+
Note: All latches listed above may not be present at the end of synthesis due to various synthesis optimizations.


+------------------------------------------------------------+
; Logic Cells Representing Combinational Loops               ;
+--------------------------------------------------------+---+
; Logic Cell Name                                        ;   ;
+--------------------------------------------------------+---+
; Decoder0                                               ;   ;
; Decoder1                                               ;   ;
; Number of logic cells representing combinational loops ; 2 ;
+--------------------------------------------------------+---+
Note: All cells listed above may not be present at the end of synthesis due to various synthesis optimizations.


+--------------------------------------------------------------------------------+
; Registers Removed During Synthesis                                             ;
+---------------------------------------+----------------------------------------+
; Register name                         ; Reason for Removal                     ;
+---------------------------------------+----------------------------------------+
; original_money_hex0[0..3]             ; Stuck at GND due to stuck port data_in ;
; coin_hex0[0..3]                       ; Stuck at GND due to stuck port data_in ;
; original_money_hex1[0]                ; Merged with coin_hex1[0]               ;
; Total Number of Removed Registers = 9 ;                                        ;
+---------------------------------------+----------------------------------------+


+------------------------------------------------------+
; General Register Statistics                          ;
+----------------------------------------------+-------+
; Statistic                                    ; Value ;
+----------------------------------------------+-------+
; Total registers                              ; 23    ;
; Number of registers using Synchronous Clear  ; 10    ;
; Number of registers using Synchronous Load   ; 0     ;
; Number of registers using Asynchronous Clear ; 0     ;
; Number of registers using Asynchronous Load  ; 0     ;
; Number of registers using Clock Enable       ; 15    ;
; Number of registers using Preset             ; 0     ;
+----------------------------------------------+-------+


+--------------------------------------------------+
; Inverted Register Statistics                     ;
+----------------------------------------+---------+
; Inverted Register                      ; Fan out ;
+----------------------------------------+---------+
; original_money_hex3[0]                 ; 11      ;
; original_money_hex3[2]                 ; 9       ;
; Total number of inverted registers = 2 ;         ;
+----------------------------------------+---------+


+-----------------------------------------------------------------------------------------------------------------------------------------------------+
; Multiplexer Restructuring Statistics (Restructuring Performed)                                                                                      ;
+--------------------+-----------+---------------+----------------------+------------------------+------------+---------------------------------------+
; Multiplexer Inputs ; Bus Width ; Baseline Area ; Area if Restructured ; Saving if Restructured ; Registered ; Example Multiplexer Output            ;
+--------------------+-----------+---------------+----------------------+------------------------+------------+---------------------------------------+
; 3:1                ; 4 bits    ; 8 LEs         ; 4 LEs                ; 4 LEs                  ; Yes        ; |final_project|coin_hex3[1]           ;
; 3:1                ; 4 bits    ; 8 LEs         ; 4 LEs                ; 4 LEs                  ; Yes        ; |final_project|coin_hex1[2]           ;
; 3:1                ; 4 bits    ; 8 LEs         ; 4 LEs                ; 4 LEs                  ; Yes        ; |final_project|original_money_hex2[0] ;
; 4:1                ; 4 bits    ; 8 LEs         ; 4 LEs                ; 4 LEs                  ; Yes        ; |final_project|coin_hex2[2]           ;
; 4:1                ; 2 bits    ; 4 LEs         ; 2 LEs                ; 2 LEs                  ; Yes        ; |final_project|original_money_hex3[3] ;
; 4:1                ; 2 bits    ; 4 LEs         ; 2 LEs                ; 2 LEs                  ; Yes        ; |final_project|original_money_hex3[2] ;
; 3:1                ; 21 bits   ; 42 LEs        ; 42 LEs               ; 0 LEs                  ; No         ; |final_project|hex2_d                 ;
+--------------------+-----------+---------------+----------------------+------------------------+------------+---------------------------------------+


+------------------------------------------------------------------+
; Parameter Settings for Inferred Entity Instance: lpm_divide:Mod0 ;
+------------------------+----------------+------------------------+
; Parameter Name         ; Value          ; Type                   ;
+------------------------+----------------+------------------------+
; LPM_WIDTHN             ; 4              ; Untyped                ;
; LPM_WIDTHD             ; 4              ; Untyped                ;
; LPM_NREPRESENTATION    ; UNSIGNED       ; Untyped                ;
; LPM_DREPRESENTATION    ; UNSIGNED       ; Untyped                ;
; LPM_PIPELINE           ; 0              ; Untyped                ;
; LPM_REMAINDERPOSITIVE  ; TRUE           ; Untyped                ;
; MAXIMIZE_SPEED         ; 5              ; Untyped                ;
; CBXI_PARAMETER         ; lpm_divide_98m ; Untyped                ;
; CARRY_CHAIN            ; MANUAL         ; Untyped                ;
; OPTIMIZE_FOR_SPEED     ; 5              ; Untyped                ;
; AUTO_CARRY_CHAINS      ; ON             ; AUTO_CARRY             ;
; IGNORE_CARRY_BUFFERS   ; OFF            ; IGNORE_CARRY           ;
; AUTO_CASCADE_CHAINS    ; ON             ; AUTO_CASCADE           ;
; IGNORE_CASCADE_BUFFERS ; OFF            ; IGNORE_CASCADE         ;
+------------------------+----------------+------------------------+
Note: In order to hide this table in the UI and the text report file, please set the "Show Parameter Settings Tables in Synthesis Report" option in "Analysis and Synthesis Settings -> More Settings" to "Off".


+------------------------------------------------------------------+
; Parameter Settings for Inferred Entity Instance: lpm_divide:Mod1 ;
+------------------------+----------------+------------------------+
; Parameter Name         ; Value          ; Type                   ;
+------------------------+----------------+------------------------+
; LPM_WIDTHN             ; 4              ; Untyped                ;
; LPM_WIDTHD             ; 4              ; Untyped                ;
; LPM_NREPRESENTATION    ; UNSIGNED       ; Untyped                ;
; LPM_DREPRESENTATION    ; UNSIGNED       ; Untyped                ;
; LPM_PIPELINE           ; 0              ; Untyped                ;
; LPM_REMAINDERPOSITIVE  ; TRUE           ; Untyped                ;
; MAXIMIZE_SPEED         ; 5              ; Untyped                ;
; CBXI_PARAMETER         ; lpm_divide_98m ; Untyped                ;
; CARRY_CHAIN            ; MANUAL         ; Untyped                ;
; OPTIMIZE_FOR_SPEED     ; 5              ; Untyped                ;
; AUTO_CARRY_CHAINS      ; ON             ; AUTO_CARRY             ;
; IGNORE_CARRY_BUFFERS   ; OFF            ; IGNORE_CARRY           ;
; AUTO_CASCADE_CHAINS    ; ON             ; AUTO_CASCADE           ;
; IGNORE_CASCADE_BUFFERS ; OFF            ; IGNORE_CASCADE         ;
+------------------------+----------------+------------------------+
Note: In order to hide this table in the UI and the text report file, please set the "Show Parameter Settings Tables in Synthesis Report" option in "Analysis and Synthesis Settings -> More Settings" to "Off".


+------------------------------------------------------------------+
; Parameter Settings for Inferred Entity Instance: lpm_divide:Mod2 ;
+------------------------+----------------+------------------------+
; Parameter Name         ; Value          ; Type                   ;
+------------------------+----------------+------------------------+
; LPM_WIDTHN             ; 4              ; Untyped                ;
; LPM_WIDTHD             ; 4              ; Untyped                ;
; LPM_NREPRESENTATION    ; UNSIGNED       ; Untyped                ;
; LPM_DREPRESENTATION    ; UNSIGNED       ; Untyped                ;
; LPM_PIPELINE           ; 0              ; Untyped                ;
; LPM_REMAINDERPOSITIVE  ; TRUE           ; Untyped                ;
; MAXIMIZE_SPEED         ; 5              ; Untyped                ;
; CBXI_PARAMETER         ; lpm_divide_98m ; Untyped                ;
; CARRY_CHAIN            ; MANUAL         ; Untyped                ;
; OPTIMIZE_FOR_SPEED     ; 5              ; Untyped                ;
; AUTO_CARRY_CHAINS      ; ON             ; AUTO_CARRY             ;
; IGNORE_CARRY_BUFFERS   ; OFF            ; IGNORE_CARRY           ;
; AUTO_CASCADE_CHAINS    ; ON             ; AUTO_CASCADE           ;
; IGNORE_CASCADE_BUFFERS ; OFF            ; IGNORE_CASCADE         ;
+------------------------+----------------+------------------------+
Note: In order to hide this table in the UI and the text report file, please set the "Show Parameter Settings Tables in Synthesis Report" option in "Analysis and Synthesis Settings -> More Settings" to "Off".


+-------------------------------+
; Analysis & Synthesis Messages ;
+-------------------------------+
Info: *******************************************************************
Info: Running Quartus II Analysis & Synthesis
    Info: Version 9.1 Build 222 10/21/2009 SJ Web Edition
    Info: Processing started: Wed Jun 12 18:26:26 2019
Info: Command: quartus_map --read_settings_files=on --write_settings_files=off final_project -c final_project
Warning (10261): Verilog HDL Event Control warning at final_project.v(109): Event Control contains a complex event expression
Info: Found 1 design units, including 1 entities, in source file final_project.v
    Info: Found entity 1: final_project
Info: Elaborating entity "final_project" for the top level hierarchy
Warning (10036): Verilog HDL or VHDL warning at final_project.v(19): object "init" assigned a value but never read
Warning (10270): Verilog HDL Case Statement warning at final_project.v(26): incomplete case statement has no default case item
Warning (10776): Verilog HDL warning at final_project.v(23): variable out in static task or function print_four may have unintended latch behavior
Warning (10230): Verilog HDL assignment warning at final_project.v(95): truncated value with size 32 to match size of target (4)
Warning (10230): Verilog HDL assignment warning at final_project.v(96): truncated value with size 32 to match size of target (4)
Warning (10230): Verilog HDL assignment warning at final_project.v(97): truncated value with size 32 to match size of target (4)
Warning (10240): Verilog HDL Always Construct warning at final_project.v(60): inferring latch(es) for variable "result_hex1", which holds its previous value in one or more paths through the always construct
Warning (10240): Verilog HDL Always Construct warning at final_project.v(60): inferring latch(es) for variable "result_hex2", which holds its previous value in one or more paths through the always construct
Warning (10240): Verilog HDL Always Construct warning at final_project.v(60): inferring latch(es) for variable "result_hex3", which holds its previous value in one or more paths through the always construct
Warning (10230): Verilog HDL assignment warning at final_project.v(118): truncated value with size 32 to match size of target (4)
Warning (10230): Verilog HDL assignment warning at final_project.v(119): truncated value with size 32 to match size of target (4)
Warning (10230): Verilog HDL assignment warning at final_project.v(120): truncated value with size 32 to match size of target (4)
Warning (10230): Verilog HDL assignment warning at final_project.v(124): truncated value with size 32 to match size of target (4)
Warning (10230): Verilog HDL assignment warning at final_project.v(125): truncated value with size 32 to match size of target (4)
Warning (10230): Verilog HDL assignment warning at final_project.v(129): truncated value with size 32 to match size of target (4)
Warning (10230): Verilog HDL assignment warning at final_project.v(138): truncated value with size 32 to match size of target (4)
Warning (10230): Verilog HDL assignment warning at final_project.v(143): truncated value with size 32 to match size of target (4)
Warning (10230): Verilog HDL assignment warning at final_project.v(147): truncated value with size 32 to match size of target (4)
Warning (10030): Net "print_four.out" at final_project.v(23) has no driver or initial value, using a default initial value '0'
Info (10041): Inferred latch for "result_hex3[0]" at final_project.v(81)
Info (10041): Inferred latch for "result_hex3[1]" at final_project.v(81)
Info (10041): Inferred latch for "result_hex3[2]" at final_project.v(81)
Info (10041): Inferred latch for "result_hex3[3]" at final_project.v(81)
Info (10041): Inferred latch for "result_hex2[0]" at final_project.v(81)
Info (10041): Inferred latch for "result_hex2[1]" at final_project.v(81)
Info (10041): Inferred latch for "result_hex2[2]" at final_project.v(81)
Info (10041): Inferred latch for "result_hex2[3]" at final_project.v(81)
Info (10041): Inferred latch for "result_hex1[0]" at final_project.v(81)
Info (10041): Inferred latch for "result_hex1[1]" at final_project.v(81)
Info (10041): Inferred latch for "result_hex1[2]" at final_project.v(81)
Info (10041): Inferred latch for "result_hex1[3]" at final_project.v(81)
Info: Inferred 3 megafunctions from design logic
    Info: Inferred divider/modulo megafunction ("lpm_divide") from the following logic: "Mod0"
    Info: Inferred divider/modulo megafunction ("lpm_divide") from the following logic: "Mod1"
    Info: Inferred divider/modulo megafunction ("lpm_divide") from the following logic: "Mod2"
Info: Elaborated megafunction instantiation "lpm_divide:Mod0"
Info: Instantiated megafunction "lpm_divide:Mod0" with the following parameter:
    Info: Parameter "LPM_WIDTHN" = "4"
    Info: Parameter "LPM_WIDTHD" = "4"
    Info: Parameter "LPM_NREPRESENTATION" = "UNSIGNED"
    Info: Parameter "LPM_DREPRESENTATION" = "UNSIGNED"
Info: Found 1 design units, including 1 entities, in source file db/lpm_divide_98m.tdf
    Info: Found entity 1: lpm_divide_98m
Info: Found 1 design units, including 1 entities, in source file db/sign_div_unsign_7kh.tdf
    Info: Found entity 1: sign_div_unsign_7kh
Info: Found 1 design units, including 1 entities, in source file db/alt_u_div_p2f.tdf
    Info: Found entity 1: alt_u_div_p2f
Info: Found 1 design units, including 1 entities, in source file db/add_sub_unc.tdf
    Info: Found entity 1: add_sub_unc
Info: Found 1 design units, including 1 entities, in source file db/add_sub_vnc.tdf
    Info: Found entity 1: add_sub_vnc
Info: Timing-Driven Synthesis is running
Info: Generated suppressed messages file C:/altera/91/quartus/final_project/final_project.map.smsg
Warning: Design contains 2 input pin(s) that do not drive logic
    Warning (15610): No output dependent on input pin "button0"
    Warning (15610): No output dependent on input pin "button1"
Info: Implemented 229 device resources after synthesis - the final resource count might be different
    Info: Implemented 7 input pins
    Info: Implemented 28 output pins
    Info: Implemented 194 logic cells
Info: Quartus II Analysis & Synthesis was successful. 0 errors, 23 warnings
    Info: Peak virtual memory: 251 megabytes
    Info: Processing ended: Wed Jun 12 18:26:29 2019
    Info: Elapsed time: 00:00:03
    Info: Total CPU time (on all processors): 00:00:06


+------------------------------------------+
; Analysis & Synthesis Suppressed Messages ;
+------------------------------------------+
The suppressed messages can be found in C:/altera/91/quartus/final_project/final_project.map.smsg.


